<?xml version="1.0" encoding="UTF-8"?>
<testng-results skipped="0" failed="0" ignored="0" total="1" passed="1">
  <reporter-output>
  </reporter-output>
  <suite name="Default suite" duration-ms="22647" started-at="2020-10-27T18:52:52 AEDT" finished-at="2020-10-27T18:53:15 AEDT">
    <groups>
    </groups>
    <test name="Default test" duration-ms="22647" started-at="2020-10-27T18:52:52 AEDT" finished-at="2020-10-27T18:53:15 AEDT">
      <class name="Misellelanious">
        <test-method status="PASS" signature="mismethod()[pri:0, instance:Misellelanious@33c7e1bb]" name="mismethod" duration-ms="22530" started-at="2020-10-27T18:52:52 AEDT" finished-at="2020-10-27T18:53:15 AEDT">
          <reporter-output>
          </reporter-output>
        </test-method> <!-- mismethod -->
      </class> <!-- Misellelanious -->
    </test> <!-- Default test -->
  </suite> <!-- Default suite -->
</testng-results>
